0 info it worked if it ends with ok
1 verbose cli [ '/usr/local/bin/node', '/usr/local/bin/npm', 'run', 'start' ]
2 info using npm@3.10.3
3 info using node@v7.6.0
4 verbose run-script [ 'prestart', 'start', 'poststart' ]
5 info lifecycle retrogotchi@1.0.0~prestart: retrogotchi@1.0.0
6 silly lifecycle retrogotchi@1.0.0~prestart: no script for prestart, continuing
7 info lifecycle retrogotchi@1.0.0~start: retrogotchi@1.0.0
8 verbose lifecycle retrogotchi@1.0.0~start: unsafe-perm in lifecycle true
9 verbose lifecycle retrogotchi@1.0.0~start: PATH: /usr/local/lib/node_modules/npm/bin/node-gyp-bin:/Users/DavidBrodie/Desktop/Programming/Projects/RetroGotchi/node_modules/.bin:/usr/local/bin:/bin:/sbin:/usr/bin:/usr/local/sbin:/usr/local/bin:/usr/local/bin:/usr/bin:/bin:/usr/sbin:/sbin:/Applications/Wireshark.app/Contents/MacOS
10 verbose lifecycle retrogotchi@1.0.0~start: CWD: /Users/DavidBrodie/Desktop/Programming/Projects/RetroGotchi
11 silly lifecycle retrogotchi@1.0.0~start: Args: [ '-c', 'webpack-dev-server' ]
12 silly lifecycle retrogotchi@1.0.0~start: Returned: code: 255  signal: null
13 info lifecycle retrogotchi@1.0.0~start: Failed to exec start script
14 verbose stack Error: retrogotchi@1.0.0 start: `webpack-dev-server`
14 verbose stack Exit status 255
14 verbose stack     at EventEmitter.<anonymous> (/usr/local/lib/node_modules/npm/lib/utils/lifecycle.js:242:16)
14 verbose stack     at emitTwo (events.js:106:13)
14 verbose stack     at EventEmitter.emit (events.js:192:7)
14 verbose stack     at ChildProcess.<anonymous> (/usr/local/lib/node_modules/npm/lib/utils/spawn.js:40:14)
14 verbose stack     at emitTwo (events.js:106:13)
14 verbose stack     at ChildProcess.emit (events.js:192:7)
14 verbose stack     at maybeClose (internal/child_process.js:890:16)
14 verbose stack     at Process.ChildProcess._handle.onexit (internal/child_process.js:226:5)
15 verbose pkgid retrogotchi@1.0.0
16 verbose cwd /Users/DavidBrodie/Desktop/Programming/Projects/RetroGotchi
17 error Darwin 16.5.0
18 error argv "/usr/local/bin/node" "/usr/local/bin/npm" "run" "start"
19 error node v7.6.0
20 error npm  v3.10.3
21 error code ELIFECYCLE
22 error retrogotchi@1.0.0 start: `webpack-dev-server`
22 error Exit status 255
23 error Failed at the retrogotchi@1.0.0 start script 'webpack-dev-server'.
23 error Make sure you have the latest version of node.js and npm installed.
23 error If you do, this is most likely a problem with the retrogotchi package,
23 error not with npm itself.
23 error Tell the author that this fails on your system:
23 error     webpack-dev-server
23 error You can get information on how to open an issue for this project with:
23 error     npm bugs retrogotchi
23 error Or if that isn't available, you can get their info via:
23 error     npm owner ls retrogotchi
23 error There is likely additional logging output above.
24 verbose exit [ 1, true ]
